1711714976.924545 client started (66926): version 3.4, socket /private/tmp/tmux-502/default, protocol 8
1711714976.924678 on Darwin 23.3.0 Darwin Kernel Version 23.3.0: Wed Dec 20 21:28:58 PST 2023; root:xnu-10002.81.5~7/RELEASE_X86_64
1711714976.924725 using libevent 2.1.12-stable select
1711714976.925762 using utf8proc 2.9.0
1711714976.925904 using ncurses 6.4 20221231
1711714976.926009 flags are 0x10010000
1711714976.926036 socket is /private/tmp/tmux-502/default
1711714976.926083 trying connect
1711714976.926270 add peer 0x7fdebf031000: 6 (0x0)
1711714976.929231 sending message 100 to peer 0x7fdebf031000 (4 bytes)
1711714976.929271 sending message 111 to peer 0x7fdebf031000 (8 bytes)
1711714976.929285 sending message 101 to peer 0x7fdebf031000 (16 bytes)
1711714976.929297 sending message 109 to peer 0x7fdebf031000 (4 bytes)
1711714976.929308 sending message 102 to peer 0x7fdebf031000 (13 bytes)
1711714976.929320 sending message 108 to peer 0x7fdebf031000 (27 bytes)
1711714976.929330 sending message 112 to peer 0x7fdebf031000 (70 bytes)
1711714976.929341 sending message 112 to peer 0x7fdebf031000 (5 bytes)
1711714976.929352 sending message 112 to peer 0x7fdebf031000 (5 bytes)
1711714976.929362 sending message 112 to peer 0x7fdebf031000 (6 bytes)
1711714976.929373 sending message 112 to peer 0x7fdebf031000 (6 bytes)
1711714976.929384 sending message 112 to peer 0x7fdebf031000 (11 bytes)
1711714976.929394 sending message 112 to peer 0x7fdebf031000 (10 bytes)
1711714976.929405 sending message 112 to peer 0x7fdebf031000 (13 bytes)
1711714976.929415 sending message 112 to peer 0x7fdebf031000 (13 bytes)
1711714976.929426 sending message 112 to peer 0x7fdebf031000 (18 bytes)
1711714976.929436 sending message 112 to peer 0x7fdebf031000 (11 bytes)
1711714976.929447 sending message 112 to peer 0x7fdebf031000 (21 bytes)
1711714976.929457 sending message 112 to peer 0x7fdebf031000 (13 bytes)
1711714976.929468 sending message 112 to peer 0x7fdebf031000 (7 bytes)
1711714976.929478 sending message 112 to peer 0x7fdebf031000 (13 bytes)
1711714976.929489 sending message 112 to peer 0x7fdebf031000 (7 bytes)
1711714976.929499 sending message 112 to peer 0x7fdebf031000 (13 bytes)
1711714976.929509 sending message 112 to peer 0x7fdebf031000 (9 bytes)
1711714976.929520 sending message 112 to peer 0x7fdebf031000 (21 bytes)
1711714976.929530 sending message 112 to peer 0x7fdebf031000 (13 bytes)
1711714976.929541 sending message 112 to peer 0x7fdebf031000 (8 bytes)
1711714976.929551 sending message 112 to peer 0x7fdebf031000 (12 bytes)
1711714976.929562 sending message 112 to peer 0x7fdebf031000 (13 bytes)
1711714976.929572 sending message 112 to peer 0x7fdebf031000 (9 bytes)
1711714976.929583 sending message 112 to peer 0x7fdebf031000 (9 bytes)
1711714976.929593 sending message 112 to peer 0x7fdebf031000 (12 bytes)
1711714976.929604 sending message 112 to peer 0x7fdebf031000 (8 bytes)
1711714976.929614 sending message 112 to peer 0x7fdebf031000 (7 bytes)
1711714976.929624 sending message 112 to peer 0x7fdebf031000 (7 bytes)
1711714976.929635 sending message 112 to peer 0x7fdebf031000 (9 bytes)
1711714976.929645 sending message 112 to peer 0x7fdebf031000 (13 bytes)
1711714976.929656 sending message 112 to peer 0x7fdebf031000 (9 bytes)
1711714976.929667 sending message 112 to peer 0x7fdebf031000 (15 bytes)
1711714976.929677 sending message 112 to peer 0x7fdebf031000 (13 bytes)
1711714976.929688 sending message 112 to peer 0x7fdebf031000 (12 bytes)
1711714976.929698 sending message 112 to peer 0x7fdebf031000 (8 bytes)
1711714976.929709 sending message 112 to peer 0x7fdebf031000 (14 bytes)
1711714976.929719 sending message 112 to peer 0x7fdebf031000 (9 bytes)
1711714976.929730 sending message 112 to peer 0x7fdebf031000 (10 bytes)
1711714976.929740 sending message 112 to peer 0x7fdebf031000 (10 bytes)
1711714976.929750 sending message 112 to peer 0x7fdebf031000 (10 bytes)
1711714976.929761 sending message 112 to peer 0x7fdebf031000 (10 bytes)
1711714976.929772 sending message 112 to peer 0x7fdebf031000 (11 bytes)
1711714976.929782 sending message 112 to peer 0x7fdebf031000 (10 bytes)
1711714976.929821 sending message 112 to peer 0x7fdebf031000 (8 bytes)
1711714976.929829 sending message 112 to peer 0x7fdebf031000 (11 bytes)
1711714976.929836 sending message 112 to peer 0x7fdebf031000 (11 bytes)
1711714976.929844 sending message 112 to peer 0x7fdebf031000 (11 bytes)
1711714976.929851 sending message 112 to peer 0x7fdebf031000 (8 bytes)
1711714976.929858 sending message 112 to peer 0x7fdebf031000 (8 bytes)
1711714976.929865 sending message 112 to peer 0x7fdebf031000 (8 bytes)
1711714976.929872 sending message 112 to peer 0x7fdebf031000 (10 bytes)
1711714976.929879 sending message 112 to peer 0x7fdebf031000 (10 bytes)
1711714976.929886 sending message 112 to peer 0x7fdebf031000 (10 bytes)
1711714976.929893 sending message 112 to peer 0x7fdebf031000 (10 bytes)
1711714976.929900 sending message 112 to peer 0x7fdebf031000 (10 bytes)
1711714976.929907 sending message 112 to peer 0x7fdebf031000 (11 bytes)
1711714976.929914 sending message 112 to peer 0x7fdebf031000 (11 bytes)
1711714976.929925 sending message 112 to peer 0x7fdebf031000 (10 bytes)
1711714976.929933 sending message 112 to peer 0x7fdebf031000 (9 bytes)
1711714976.929940 sending message 112 to peer 0x7fdebf031000 (9 bytes)
1711714976.929947 sending message 112 to peer 0x7fdebf031000 (12 bytes)
1711714976.929954 sending message 112 to peer 0x7fdebf031000 (9 bytes)
1711714976.929961 sending message 112 to peer 0x7fdebf031000 (6 bytes)
1711714976.929968 sending message 112 to peer 0x7fdebf031000 (13 bytes)
1711714976.929975 sending message 112 to peer 0x7fdebf031000 (8 bytes)
1711714976.929982 sending message 112 to peer 0x7fdebf031000 (15 bytes)
1711714976.929989 sending message 112 to peer 0x7fdebf031000 (13 bytes)
1711714976.929996 sending message 112 to peer 0x7fdebf031000 (70 bytes)
1711714976.930003 sending message 112 to peer 0x7fdebf031000 (69 bytes)
1711714976.930010 sending message 112 to peer 0x7fdebf031000 (10 bytes)
1711714976.930017 sending message 112 to peer 0x7fdebf031000 (8 bytes)
1711714976.930024 sending message 112 to peer 0x7fdebf031000 (15 bytes)
1711714976.930031 sending message 112 to peer 0x7fdebf031000 (13 bytes)
1711714976.930038 sending message 112 to peer 0x7fdebf031000 (10 bytes)
1711714976.930045 sending message 112 to peer 0x7fdebf031000 (10 bytes)
1711714976.930052 sending message 112 to peer 0x7fdebf031000 (5 bytes)
1711714976.930059 sending message 112 to peer 0x7fdebf031000 (15 bytes)
1711714976.930069 sending message 104 to peer 0x7fdebf031000 (0 bytes)
1711714976.930078 sending message 110 to peer 0x7fdebf031000 (0 bytes)
1711714976.930085 sending message 107 to peer 0x7fdebf031000 (4 bytes)
1711714976.930092 sending message 105 to peer 0x7fdebf031000 (20 bytes)
1711714976.930099 sending message 105 to peer 0x7fdebf031000 (22 bytes)
1711714976.930106 sending message 105 to peer 0x7fdebf031000 (19 bytes)
1711714976.930114 sending message 105 to peer 0x7fdebf031000 (17 bytes)
1711714976.930121 sending message 105 to peer 0x7fdebf031000 (8 bytes)
1711714976.930128 sending message 105 to peer 0x7fdebf031000 (15 bytes)
1711714976.930135 sending message 105 to peer 0x7fdebf031000 (32 bytes)
1711714976.930142 sending message 105 to peer 0x7fdebf031000 (96 bytes)
1711714976.930149 sending message 105 to peer 0x7fdebf031000 (54 bytes)
1711714976.930156 sending message 105 to peer 0x7fdebf031000 (16 bytes)
1711714976.930163 sending message 105 to peer 0x7fdebf031000 (27 bytes)
1711714976.930170 sending message 105 to peer 0x7fdebf031000 (63 bytes)
1711714976.930177 sending message 105 to peer 0x7fdebf031000 (34 bytes)
1711714976.930184 sending message 105 to peer 0x7fdebf031000 (11 bytes)
1711714976.930191 sending message 105 to peer 0x7fdebf031000 (350 bytes)
1711714976.930199 sending message 105 to peer 0x7fdebf031000 (31 bytes)
1711714976.930206 sending message 105 to peer 0x7fdebf031000 (15 bytes)
1711714976.930213 sending message 105 to peer 0x7fdebf031000 (8 bytes)
1711714976.930220 sending message 105 to peer 0x7fdebf031000 (66 bytes)
1711714976.930227 sending message 105 to peer 0x7fdebf031000 (21 bytes)
1711714976.930251 sending message 105 to peer 0x7fdebf031000 (18 bytes)
1711714976.930259 sending message 105 to peer 0x7fdebf031000 (25 bytes)
1711714976.930266 sending message 105 to peer 0x7fdebf031000 (57 bytes)
1711714976.930273 sending message 105 to peer 0x7fdebf031000 (43 bytes)
1711714976.930280 sending message 105 to peer 0x7fdebf031000 (13 bytes)
1711714976.930288 sending message 105 to peer 0x7fdebf031000 (54 bytes)
1711714976.930295 sending message 105 to peer 0x7fdebf031000 (12 bytes)
1711714976.930302 sending message 105 to peer 0x7fdebf031000 (49 bytes)
1711714976.930309 sending message 105 to peer 0x7fdebf031000 (62 bytes)
1711714976.930316 sending message 105 to peer 0x7fdebf031000 (72 bytes)
1711714976.930323 sending message 105 to peer 0x7fdebf031000 (64 bytes)
1711714976.930330 sending message 105 to peer 0x7fdebf031000 (15 bytes)
1711714976.930337 sending message 105 to peer 0x7fdebf031000 (70 bytes)
1711714976.930344 sending message 105 to peer 0x7fdebf031000 (14 bytes)
1711714976.930351 sending message 105 to peer 0x7fdebf031000 (19 bytes)
1711714976.930359 sending message 105 to peer 0x7fdebf031000 (29 bytes)
1711714976.930366 sending message 105 to peer 0x7fdebf031000 (44 bytes)
1711714976.930373 sending message 105 to peer 0x7fdebf031000 (38 bytes)
1711714976.930383 sending message 105 to peer 0x7fdebf031000 (17 bytes)
1711714976.930390 sending message 105 to peer 0x7fdebf031000 (22 bytes)
1711714976.930397 sending message 106 to peer 0x7fdebf031000 (0 bytes)
1711714976.930500 sending message 200 to peer 0x7fdebf031000 (4 bytes)
1711714976.930513 client loop enter
1711714976.930860 peer 0x7fdebf031000 message 303
1711714976.930892 open write file 2 -
1711714976.930966 sending message 305 to peer 0x7fdebf031000 (8 bytes)
1711714976.930999 write check file 2
1711714976.931083 peer 0x7fdebf031000 message 304
1711714976.931096 write 58 to file 2
1711714976.931125 peer 0x7fdebf031000 message 203
1711714976.931137 file 2 58 bytes left
1711714976.931158 write check file 2
1711714976.931167 client loop exit
